Arguments: 
  /usr/local/bin/node /usr/local/Cellar/yarn/1.12.3/libexec/bin/yarn.js add concurently

PATH: 
  /Users/punchcode/.npm-packages/bin:/usr/local/bin:/usr/bin:/bin:/usr/sbin:/sbin

Yarn version: 
  1.12.3

Node version: 
  11.8.0

Platform: 
  darwin x64

Trace: 
  Error: https://registry.yarnpkg.com/concurently: Not found
      at Request.params.callback [as _callback] (/usr/local/Cellar/yarn/1.12.3/libexec/lib/cli.js:65894:18)
      at Request.self.callback (/usr/local/Cellar/yarn/1.12.3/libexec/lib/cli.js:129018:22)
      at Request.emit (events.js:197:13)
      at Request.<anonymous> (/usr/local/Cellar/yarn/1.12.3/libexec/lib/cli.js:129990:10)
      at Request.emit (events.js:197:13)
      at IncomingMessage.<anonymous> (/usr/local/Cellar/yarn/1.12.3/libexec/lib/cli.js:129912:12)
      at Object.onceWrapper (events.js:285:13)
      at IncomingMessage.emit (events.js:202:15)
      at endReadableNT (_stream_readable.js:1129:12)
      at processTicksAndRejections (internal/process/next_tick.js:76:17)

npm manifest: 
  No manifest

yarn manifest: 
  No manifest

Lockfile: 
  No lockfile
